SF:lib\models\locker.dart
DA:18,3
DA:29,0
DA:30,0
DA:32,0
DA:33,0
DA:34,0
DA:35,0
DA:36,0
DA:37,0
DA:38,0
DA:39,0
DA:40,0
DA:44,0
DA:45,0
DA:46,0
DA:47,0
DA:48,0
DA:49,0
DA:50,0
DA:51,0
DA:53,0
DA:54,0
DA:55,0
DA:56,0
DA:61,0
DA:62,0
DA:63,0
DA:65,0
DA:67,0
DA:69,0
DA:72,0
DA:76,0
DA:77,0
DA:78,0
DA:80,0
DA:83,0
DA:87,0
DA:89,0
DA:91,0
DA:93,0
DA:95,0
DA:100,0
DA:102,0
DA:104,0
DA:109,1
DA:110,1
DA:111,1
DA:112,1
DA:113,1
DA:114,1
DA:115,1
DA:116,1
DA:117,1
DA:118,1
LF:54
LH:11
end_of_record
SF:lib\providers\lockers_provider.dart
DA:7,3
DA:8,0
DA:11,0
DA:12,0
DA:13,0
DA:14,0
DA:15,0
DA:16,0
DA:22,0
DA:23,0
DA:25,0
DA:26,0
DA:27,0
DA:28,0
LF:14
LH:1
end_of_record
SF:lib\screens\dashboard_screen.dart
DA:11,1
DA:13,1
DA:15,2
DA:17,1
DA:18,1
DA:22,1
DA:23,1
DA:24,1
DA:33,1
DA:41,1
DA:42,1
DA:43,1
DA:44,1
DA:46,0
DA:51,1
DA:54,2
DA:55,1
DA:57,1
DA:60,1
DA:62,3
DA:65,1
DA:66,1
DA:81,0
DA:83,0
DA:84,0
DA:85,0
DA:90,0
DA:91,0
DA:92,0
DA:93,0
LF:30
LH:21
end_of_record
SF:lib\widgets\locker_card.dart
DA:17,1
DA:23,1
DA:25,1
DA:26,1
DA:28,1
DA:30,1
DA:31,1
DA:33,1
DA:34,1
DA:35,1
DA:36,1
DA:37,1
DA:38,2
DA:39,1
DA:40,1
DA:41,1
DA:45,1
DA:47,1
DA:49,3
DA:50,1
DA:53,1
DA:54,1
DA:59,1
DA:60,1
DA:62,1
DA:64,1
DA:67,1
DA:68,2
DA:69,1
DA:72,1
DA:75,1
DA:78,1
DA:79,1
DA:80,1
DA:82,2
DA:87,2
DA:88,1
DA:90,1
DA:95,1
DA:96,1
DA:97,1
DA:118,1
DA:119,2
DA:120,3
DA:121,3
DA:125,1
DA:127,2
DA:128,1
DA:136,2
DA:137,1
DA:138,1
DA:143,1
DA:144,1
DA:149,1
DA:150,1
DA:155,1
DA:156,1
DA:171,1
LF:58
LH:58
end_of_record
SF:lib\screens\check_in_screen.dart
DA:11,1
DA:16,1
DA:17,1
DA:25,1
DA:27,2
DA:28,1
DA:32,1
DA:33,1
DA:38,1
DA:42,1
DA:50,1
DA:51,3
DA:55,2
DA:56,1
DA:60,4
DA:61,1
DA:62,2
DA:63,3
DA:66,1
DA:68,1
DA:70,2
DA:73,1
DA:77,1
DA:80,1
DA:83,1
DA:86,0
DA:90,0
DA:91,0
DA:96,4
DA:99,1
DA:100,2
DA:101,1
DA:107,1
DA:109,1
DA:110,1
DA:113,1
DA:115,1
DA:116,1
DA:117,1
DA:119,1
DA:121,1
DA:122,3
DA:123,3
DA:133,1
DA:134,1
DA:142,1
DA:143,1
DA:146,1
DA:147,2
DA:148,1
DA:151,1
LF:51
LH:48
end_of_record
SF:lib\providers\check_in_provider.dart
DA:10,1
DA:16,0
DA:17,0
DA:18,0
DA:19,0
DA:20,0
DA:31,1
DA:37,0
DA:42,0
DA:43,0
DA:44,0
DA:45,0
DA:53,1
DA:55,1
DA:60,0
DA:64,0
DA:67,0
DA:68,0
DA:70,0
DA:75,0
DA:76,0
DA:79,0
DA:80,0
DA:84,0
DA:85,0
DA:86,0
DA:87,0
DA:90,0
DA:93,0
DA:96,0
DA:97,0
DA:98,0
DA:101,0
DA:110,0
DA:111,0
DA:115,2
DA:116,1
LF:37
LH:6
end_of_record
SF:lib\screens\check_out_screen.dart
DA:13,2
DA:18,1
DA:19,1
DA:30,1
DA:32,2
DA:33,2
DA:34,1
DA:38,1
DA:39,1
DA:44,1
DA:45,1
DA:53,1
DA:54,2
DA:55,1
DA:58,1
DA:59,1
DA:61,2
DA:62,0
DA:64,0
DA:65,0
DA:66,0
DA:67,0
DA:68,0
DA:75,1
DA:76,1
DA:77,0
DA:78,0
DA:83,1
DA:84,2
DA:86,2
DA:87,2
DA:92,1
DA:93,4
DA:94,4
DA:95,1
DA:99,1
DA:100,3
DA:105,1
DA:106,0
DA:107,0
DA:108,0
DA:109,0
DA:117,2
DA:118,1
DA:122,4
DA:123,1
DA:124,2
DA:125,3
DA:128,1
DA:130,1
DA:132,2
DA:135,3
DA:143,1
DA:146,1
DA:148,3
DA:155,2
DA:158,1
DA:160,3
DA:169,1
DA:171,1
DA:172,2
DA:173,3
DA:174,1
DA:175,1
DA:185,0
DA:187,0
DA:198,0
DA:199,0
DA:202,0
DA:203,0
DA:204,0
DA:211,1
DA:212,2
DA:213,1
DA:219,1
DA:221,1
DA:222,3
DA:224,1
DA:225,1
DA:228,1
DA:230,1
DA:231,1
DA:232,1
DA:234,1
DA:236,1
DA:237,3
DA:238,3
DA:250,1
DA:251,1
DA:260,1
DA:261,1
DA:263,1
DA:264,1
DA:268,2
DA:270,1
DA:272,1
DA:273,1
DA:274,1
DA:275,1
DA:277,1
DA:278,1
DA:281,1
DA:282,1
DA:284,1
DA:293,1
DA:294,3
DA:305,1
DA:308,1
DA:309,2
DA:310,1
DA:313,1
LF:111
LH:92
end_of_record
SF:lib\providers\check_out_provider.dart
DA:11,1
DA:18,0
DA:20,0
DA:22,0
DA:23,0
DA:24,0
DA:25,0
DA:26,0
DA:30,0
DA:31,0
DA:32,0
DA:33,0
DA:45,1
DA:51,0
DA:56,0
DA:57,0
DA:58,0
DA:59,0
DA:67,1
DA:69,1
DA:74,0
DA:78,0
DA:81,0
DA:82,0
DA:84,0
DA:89,0
DA:90,0
DA:93,0
DA:94,0
DA:98,0
DA:99,0
DA:100,0
DA:101,0
DA:104,0
DA:107,0
DA:110,0
DA:111,0
DA:112,0
DA:115,0
DA:124,0
DA:125,0
DA:129,2
DA:130,1
LF:43
LH:6
end_of_record
